<?xml version="1.0" encoding="UTF-8"?>
<!-- Generated by org.testng.reporters.JUnitReportReporter -->
<testsuite hostname="DESKTOP-THJQTHI" failures="0" tests="1" name="testng.TestCase2" time="9.842" errors="0" timestamp="2022-07-25T19:18:22 IST" skipped="0">
  <testcase classname="testng.TestCase2" name="tc2" time="9.842"/>
  <system-out>
    <![CDATA[Log in to Facebook
https://www.facebook.com/login/?next=https%3A%2F%2Fwww.facebook.com%2Fpages%2Fcreate%2F%3Fref_type%3Dregistration_form]]>
  </system-out>
</testsuite> <!-- testng.TestCase2 -->
