<?xml version="1.0" encoding="UTF-8"?>
<!-- Generated by org.testng.reporters.JUnitReportReporter -->
<testsuite hostname="DESKTOP-THJQTHI" failures="0" tests="1" name="testng.Test0" time="0.021" errors="0" timestamp="2022-07-22T18:00:53 IST" skipped="0">
  <testcase classname="testng.Test0" name="demo" time="0.021"/>
  <system-out>
    <![CDATA[hello selenium
hello]]>
  </system-out>
</testsuite> <!-- testng.Test0 -->
