<?xml version="1.0" encoding="UTF-8"?>
<!-- Generated by org.testng.reporters.JUnitReportReporter -->
<testsuite hostname="DESKTOP-THJQTHI" failures="0" tests="4" name="testng.Test3" time="0.019" errors="0" timestamp="2022-07-22T18:44:31 IST" skipped="2">
  <testcase classname="testng.Test3" name="chats" time="0.001"/>
  <system-out>
    <![CDATA[chats]]>
  </system-out>
  <testcase classname="testng.Test3" name="chats" time="0.018"/>
  <system-out>
    <![CDATA[chats]]>
  </system-out>
  <testcase classname="testng.Test3" name="calls">
    <skipped/>
  </testcase> <!-- calls -->
  <system-out/>
  <testcase classname="testng.Test3" name="settins">
    <skipped/>
  </testcase> <!-- settins -->
  <system-out/>
</testsuite> <!-- testng.Test3 -->
