<?xml version="1.0" encoding="UTF-8"?>
<!-- Generated by org.testng.reporters.JUnitReportReporter -->
<testsuite hostname="DESKTOP-THJQTHI" failures="0" tests="1" name="testng.Test0A" time="0.016" errors="0" timestamp="2022-07-22T18:03:11 IST" skipped="0">
  <testcase classname="testng.Test0A" name="demo" time="0.016"/>
  <system-out>
    <![CDATA[oHH Helloo
Hello ohhh]]>
  </system-out>
</testsuite> <!-- testng.Test0A -->
