<?xml version="1.0" encoding="UTF-8"?>
<!-- Generated by org.testng.reporters.JUnitReportReporter -->
<testsuite hostname="DESKTOP-THJQTHI" failures="0" tests="8" name="testng.Test1" time="0.034" errors="0" timestamp="2022-07-22T18:37:52 IST" skipped="0">
  <testcase classname="testng.Test1" name="chats" time="0.017"/>
  <system-out>
    <![CDATA[chats]]>
  </system-out>
  <testcase classname="testng.Test1" name="settins" time="0.002"/>
  <system-out>
    <![CDATA[settins]]>
  </system-out>
  <testcase classname="testng.Test1" name="chats" time="0.002"/>
  <system-out>
    <![CDATA[chats]]>
  </system-out>
  <testcase classname="testng.Test1" name="calls" time="0.002"/>
  <system-out>
    <![CDATA[calls]]>
  </system-out>
  <testcase classname="testng.Test1" name="calls" time="0.003"/>
  <system-out>
    <![CDATA[calls]]>
  </system-out>
  <testcase classname="testng.Test1" name="calls" time="0.003"/>
  <system-out>
    <![CDATA[calls]]>
  </system-out>
  <testcase classname="testng.Test1" name="calls" time="0.002"/>
  <system-out>
    <![CDATA[calls]]>
  </system-out>
  <testcase classname="testng.Test1" name="calls" time="0.003"/>
  <system-out>
    <![CDATA[calls]]>
  </system-out>
</testsuite> <!-- testng.Test1 -->
