<?xml version="1.0" encoding="UTF-8"?>
<!-- Generated by org.testng.reporters.JUnitReportReporter -->
<testsuite hostname="DESKTOP-THJQTHI" failures="0" tests="1" name="testng.TestCase3" time="9.408" errors="0" timestamp="2022-07-25T19:18:22 IST" skipped="0">
  <testcase classname="testng.TestCase3" name="tc3" time="9.408"/>
  <system-out>
    <![CDATA[Forgotten Password | Can't Log In | Facebook
https://www.facebook.com/login/identify/?ctx=recover&ars=facebook_login&from_login_screen=0]]>
  </system-out>
</testsuite> <!-- testng.TestCase3 -->
