<?xml version="1.0" encoding="UTF-8"?>
<!-- Generated by org.testng.reporters.JUnitReportReporter -->
<testsuite hostname="DESKTOP-THJQTHI" failures="0" tests="3" name="testng.ParrellelEx" time="62.137" errors="0" timestamp="2022-07-24T18:25:26 IST" skipped="0">
  <testcase classname="testng.ParrellelEx" name="tc1" time="25.616"/>
  <system-out>
    <![CDATA[Facebook – log in or sign up
https://www.facebook.com/login/?privacy_mutation_token=eyJ0eXBlIjowLCJjcmVhdGlvbl90aW1lIjoxNjU4NjY3MzA0LCJjYWxsc2l0ZV9pZCI6MzgxMjI5MDc5NTc1OTQ2fQ%3D%3D]]>
  </system-out>
  <testcase classname="testng.ParrellelEx" name="tc1" time="22.445"/>
  <system-out>
    <![CDATA[Facebook – log in or sign up
https://www.facebook.com/login/?privacy_mutation_token=eyJ0eXBlIjowLCJjcmVhdGlvbl90aW1lIjoxNjU4NjY3MzA0LCJjYWxsc2l0ZV9pZCI6MzgxMjI5MDc5NTc1OTQ2fQ%3D%3D]]>
  </system-out>
  <testcase classname="testng.ParrellelEx" name="tc1" time="14.076"/>
  <system-out>
    <![CDATA[Facebook – log in or sign up
https://www.facebook.com/]]>
  </system-out>
</testsuite> <!-- testng.ParrellelEx -->
